<?xml version="1.0" encoding="UTF-8"?>
<testsuite name="tests.sorting_tests.SortingPricesTest-20230527212056" tests="2" file="tests/sorting_tests.py" time="177.915" timestamp="2023-05-27T21:31:54" failures="0" errors="0" skipped="0">
	<testcase classname="tests.sorting_tests.SortingPricesTest" name="test_TC3_1" time="89.371" timestamp="2023-05-27T21:30:26" file="tests/sorting_tests.py" line="4"/>
	<testcase classname="tests.sorting_tests.SortingPricesTest" name="test_TC3_2" time="88.544" timestamp="2023-05-27T21:31:54" file="tests/sorting_tests.py" line="27"/>
</testsuite>
